<?xml version="1.0" encoding="UTF-8"?>
<!-- Generated by org.testng.reporters.JUnitReportReporter -->
<testsuite skipped="0" hostname="DESKTOP-GTJL51Q" name="MavenProject.MavenProject.Test1" tests="3" failures="0" timestamp="27 Mar 2019 00:01:38 GMT" time="3.532" errors="0">
  <testcase name="getLangaugeType" time="2.880" classname="MavenProject.MavenProject.Test1"/>
  <testcase name="getResponseStatusCode" time="0.336" classname="MavenProject.MavenProject.Test1"/>
  <testcase name="getResponseType" time="0.316" classname="MavenProject.MavenProject.Test1"/>
</testsuite> <!-- MavenProject.MavenProject.Test1 -->
